<?xml version="1.0" encoding="UTF-8"?>
<testsuite name="AppTest" tests="2" skipped="0" failures="0" errors="0" timestamp="2016-02-12T16:12:44" hostname="MattsPC" time="0.0">
  <properties/>
  <testcase name="removeVowels_removeLetterA_returnStringWithNoA" classname="AppTest" time="0.0"/>
  <testcase name="removeVowels_replaceVowels_returnStringWithNoVowels" classname="AppTest" time="0.0"/>
  <system-out><![CDATA[]]></system-out>
  <system-err><![CDATA[]]></system-err>
</testsuite>
