<?xml version="1.0" encoding="UTF-8"?>
<testsuite name="AppTest" tests="1" skipped="0" failures="0" errors="0" timestamp="2016-02-12T16:06:06" hostname="MattsPC" time="0.016">
  <properties/>
  <testcase name="removeVowels_removeLetterA_returnStringWithNoA" classname="AppTest" time="0.016"/>
  <system-out><![CDATA[]]></system-out>
  <system-err><![CDATA[]]></system-err>
</testsuite>
