<?xml version="1.0" encoding="UTF-8"?>
<testsuite name="AppTest" tests="6" skipped="0" failures="0" errors="0" timestamp="2016-02-12T19:41:54" hostname="MattsPC" time="0.594">
  <properties/>
  <testcase name="noVowelPhrase" classname="AppTest" time="0.469"/>
  <testcase name="guessCorrectly" classname="AppTest" time="0.078"/>
  <testcase name="removeVowels_removeLetterA_returnStringWithNoA" classname="AppTest" time="0.0"/>
  <testcase name="rootTest" classname="AppTest" time="0.0"/>
  <testcase name="noInputPhrase" classname="AppTest" time="0.015"/>
  <testcase name="removeVowels_replaceVowels_returnStringWithNoVowels" classname="AppTest" time="0.0"/>
  <system-out><![CDATA[]]></system-out>
  <system-err><![CDATA[[Thread-4] INFO spark.webserver.SparkServer - == Spark has ignited ...
[Thread-4] INFO spark.webserver.SparkServer - >> Listening on 0.0.0.0:4567
[Thread-4] INFO org.eclipse.jetty.server.Server - jetty-9.0.2.v20130417
[Thread-4] INFO org.eclipse.jetty.server.ServerConnector - Started ServerConnector@1bab09e{HTTP/1.1}{0.0.0.0:4567}
[Test worker] INFO spark.webserver.SparkServer - >>> Spark shutting down ...
[Test worker] INFO org.eclipse.jetty.server.Server - Graceful shutdown org.eclipse.jetty.server.Server@36471f by 
[Test worker] INFO org.eclipse.jetty.server.ServerConnector - Stopped ServerConnector@1bab09e{HTTP/1.1}{0.0.0.0:4567}
[Test worker] INFO spark.webserver.SparkServer - done
]]></system-err>
</testsuite>
